2025-06-04 12:48:14 INFO  Driver_Main:41 - Enter Grade Name: 
2025-06-04 12:51:00 INFO  Driver_Main:42 - Available Grades are: 
2025-06-04 12:51:01 INFO  Driver_Main:44 - Enter Grade Name: 
2025-06-04 12:52:08 INFO  Driver_Main:42 - Available Grades are: 
2025-06-04 12:52:08 INFO  Driver_Main:44 - Enter Grade Name: 
2025-06-04 12:52:29 INFO  Driver_Main:42 - Available Grades are: 
2025-06-04 12:52:29 INFO  Driver_Main:44 - Enter Grade Name: 
2025-06-04 12:52:40 INFO  Driver_Main:42 - Available Grades are: 
2025-06-04 12:52:40 INFO  Driver_Main:44 - Enter Grade Name: 
2025-06-04 12:52:46 INFO  Driver_Main:42 - Available Grades are: 
2025-06-04 12:52:46 INFO  Driver_Main:44 - Enter Grade Name: 
2025-06-04 12:52:50 INFO  Driver_Main:42 - Available Grades are: 
2025-06-04 12:52:50 INFO  Driver_Main:44 - Enter Grade Name: 
2025-06-04 12:52:56 INFO  Driver_Main:42 - Available Grades are: 
2025-06-04 12:52:56 INFO  Driver_Main:44 - Enter Grade Name: 
2025-06-04 12:53:00 INFO  Driver_Main:42 - Available Grades are: 
2025-06-04 12:53:00 INFO  Driver_Main:44 - Enter Grade Name: 
2025-06-04 12:53:07 INFO  Driver_Main:42 - Available Grades are: 
2025-06-04 12:53:07 INFO  Driver_Main:44 - Enter Grade Name: 
2025-06-04 12:56:42 INFO  Driver_Main:54 - Enter Subject Name: 
2025-06-04 12:56:59 INFO  Driver_Main:54 - Enter Subject Name: 
2025-06-04 16:01:40 INFO  Driver_Main:170 - Enter Student Id: 
2025-06-04 16:04:45 INFO  Driver_Main:150 - Enter Grade id: 
2025-06-04 16:05:03 INFO  Driver_Main:150 - Enter Grade id: 
2025-06-04 16:05:09 INFO  Driver_Main:150 - Enter Grade id: 
2025-06-04 16:08:58 INFO  Driver_Main:170 - Enter Student Id: 
2025-06-04 16:33:06 INFO  Driver_Main:170 - Enter Student Id: 
2025-06-04 16:45:36 INFO  Driver_Main:170 - Enter Student Id: 
2025-06-04 16:45:39 INFO  Driver_Main:176 - Available Grades are: 
2025-06-04 16:45:39 INFO  Driver_Main:178 - Available Grades are: 
2025-06-04 16:45:39 INFO  Driver_Main:180 - Available Grades are: 
2025-06-04 16:45:39 INFO  Driver_Main:182 - Available Grades are: 
2025-06-04 16:45:39 INFO  Driver_Main:184 - Available Grades are: 
2025-06-04 16:46:24 INFO  Driver_Main:170 - Enter Student Id: 
2025-06-04 16:46:26 INFO  Driver_Main:176 - Available Grades are: 
2025-06-04 16:46:26 INFO  Driver_Main:178 - Available Grades are: 
2025-06-04 16:46:26 INFO  Driver_Main:180 - Available Grades are: 
2025-06-04 16:46:26 INFO  Driver_Main:182 - Available Grades are: 
2025-06-04 16:46:26 INFO  Driver_Main:184 - Available Grades are: 
2025-06-04 16:46:26 INFO  Driver_Main:188 - Changes Accepted!!!
2025-06-04 16:59:25 INFO  Driver_Main:170 - Enter Student Id: 
2025-06-04 16:59:27 INFO  Driver_Main:176 - nullEnter Correct Name : 
2025-06-04 16:59:39 INFO  Driver_Main:178 - 0Enter Correct  : 
2025-06-04 16:59:57 INFO  Driver_Main:180 - Enter Correct  : 
2025-06-04 16:59:57 INFO  Driver_Main:182 - Enter Correct  : 
2025-06-04 16:59:57 INFO  Driver_Main:184 - Enter Correct  : 
2025-06-04 16:59:57 INFO  Driver_Main:188 - Changes Accepted!!!
2025-06-04 17:01:50 INFO  Driver_Main:170 - Enter Student Id: 
2025-06-04 17:01:54 INFO  Driver_Main:176 - nullEnter Correct Name : 
2025-06-04 17:06:36 INFO  Driver_Main:170 - Enter Student Id: 
2025-06-04 17:07:15 INFO  Driver_Main:176 - nullEnter Correct Name : 
2025-06-04 17:07:18 INFO  Driver_Main:178 - 0Enter Correct Age : 
2025-06-04 17:08:02 INFO  Driver_Main:170 - Enter Student Id: 
2025-06-04 17:08:05 INFO  Driver_Main:176 - nullEnter Correct Name : 
2025-06-04 17:08:12 INFO  Driver_Main:178 - 0Enter Correct Age : 
2025-06-04 17:08:15 INFO  Driver_Main:180 - Enter Correct  : 
2025-06-04 17:08:20 INFO  Driver_Main:182 - Enter Correct  : 
2025-06-04 17:08:31 INFO  Driver_Main:184 - Enter Correct  : 
2025-06-04 17:08:39 INFO  Driver_Main:188 - Changes Accepted!!!
2025-06-04 17:28:33 INFO  Driver_Main:26 - 1. Add Section
2025-06-04 17:28:33 INFO  Driver_Main:27 - 2.View Section
2025-06-04 17:28:33 INFO  Driver_Main:28 - 3. Edit Section
2025-06-04 17:38:09 INFO  Driver_Main:26 - 1. Add Section
2025-06-04 17:38:09 INFO  Driver_Main:27 - 2.View Section
2025-06-04 17:38:09 INFO  Driver_Main:28 - 3. Edit Section
INFO  Driver_Main:26 - 1. Add Section
INFO  Driver_Main:27 - 2.View Section
INFO  Driver_Main:28 - 3. Edit Section
- 1. Add Section
- 2.View Section
- 3. Edit Section
- 1. Add Section
- 2.View Section
- 3. Edit Section
- press
- 1. Add Grade
- 2. Add Subject
- 3. Add Teacher
- 4. Add Student
- Enter your choice
- Enter Student Name: 
- Enter Age: 
- 1. Add Section
- 2.View Section
- 3. Edit Section
- press
- 1. Add Grade
- 2. Add Subject
- 3. Add Teacher
- 4. Add Student
- Enter your choice
- Enter Student Name: 
- Enter Age: 
- 1. Add Section
- 2.View Section
- 3. Edit Section
- press
- 1. Add Grade
- 2. Add Subject
- 3. Add Teacher
- 4. Add Student
- Enter your choice
- Available Grades are: 
- Enter Grade Name: 
- press
- 1. Add Grade
- 2. Add Subject
- 3. Add Teacher
- 4. Add Student
- Enter your choice
- 1. Add Section
- 2.View Section
- 3. Edit Section
- 1. Add Section
- 2.View Section
- 3. Edit Section
- press
- 1. Add Grade
- 2. Add Subject
- 3. Add Teacher
- 4. Add Student
- Enter your choice
- Available Grades are: 
- Enter Grade Name: 
- press
- 1. Add Grade
- 2. Add Subject
- 3. Add Teacher
- 4. Add Student
- Enter your choice
- 1. Add Section
- 2.View Section
- 3. Edit Section
- press
- 1. Add Grade
- 2. Add Subject
- 3. Add Teacher
- 4. Add Student
- Enter your choice
- press
- 1. Add Grade
- 2. Add Subject
- 3. Add Teacher
- 4. Add Student
- Enter your choice
- 1. Add Section
- 2.View Section
- 3. Edit Section
- press
- 1. Add Grade
- 2. Add Subject
- 3. Add Teacher
- 4. Add Student
- Enter your choice
- Available Grades are: 
- Enter Grade Name: 
- 1. Add Section
- 2.View Section
- 3. Edit Section
- 1. Add Section
- 2.View Section
- 3. Edit Section
- press
- 1. Add Grade
- 2. Add Subject
- 3. Add Teacher
- 4. Add Student
- Enter your choice
- Available Grades are: 
- Enter Grade Name: 
- 1. Add Section
- 2.View Section
- 3. Edit Section
- 1. Add Section
- 2.View Section
- 3. Edit Section
- press
- 1. Add Grade
- 2. Add Subject
- 3. Add Teacher
- 4. Add Student
- Enter your choice
- Available Grades are: 
- Enter Grade Name: 
- 1. Add Section
- 2.View Section
- 3. Edit Section
- 1. Add Section
- 2.View Section
- 3. Edit Section
- press
- 1. Add Grade
- 2. Add Subject
- 3. Add Teacher
- 4. Add Student
- Enter your choice
- Available Grades are: 
- Enter Grade Name: 
- 1. Add Section
- 2.View Section
- 3. Edit Section
- 1. Add Section
- 2.View Section
- 3. Edit Section
- press
- 1. Add Grade
- 2. Add Subject
- 3. Add Teacher
- 4. Add Student
- Enter your choice
- Available Grades are: 
- Enter Grade Name: 
- 1. Add Section
- 2.View Section
- 3. Edit Section
- 
--- School Management System ---
- 1. Add Section
- 2. View Section
- 3. Edit Section
- 0. Exit
- Enter your choice: 
- 1. Add Grade
- 2. Add Subject
- 3. Add Teacher
- 4. Add Student
- Enter your choice: 
- Available Grades are: 
- Enter Grade Name: 
- 
--- School Management System ---
- 1. Add Section
- 2. View Section
- 3. Edit Section
- 0. Exit
- Enter your choice: 
- 1. View Grade
- 2. View Subject
- 3. View Teacher
- 4. View Student
- Enter your choice: 
- 
--- School Management System ---
- 1. Add Section
- 2. View Section
- 3. Edit Section
- 0. Exit
- Enter your choice: 
- 1. View Grade
- 2. View Subject
- 3. View Teacher
- 4. View Student
- Enter your choice: 
- Enter Grade id: 
- 
--- School Management System ---
- 1. Add Section
- 2. View Section
- 3. Edit Section
- 0. Exit
- Enter your choice: 
- 1. Edit Grade
- 2. Edit Subject
- 3. Edit Teacher
- 4. Edit Student
- Enter your choice: 
- Enter Subject ID to edit: 
- Enter new Subject Name: 
- Enter new Grade ID: 
- 
--- School Management System ---
- 1. Add Section
- 2. View Section
- 3. Edit Section
- 0. Exit
- Enter your choice: 
- 1. View Grade
- 2. View Subject
- 3. View Teacher
- 4. View Student
- Enter your choice: 
- Enter Grade id: 
- 
--- School Management System ---
- 1. Add Section
- 2. View Section
- 3. Edit Section
- 0. Exit
- Enter your choice: 
- 1. Add Grade
- 2. Add Subject
- 3. Add Teacher
- 4. Add Student
- Enter your choice: 
- Available Grades are: 
- Enter Grade Name: 
- 
--- School Management System ---
- 1. Add Section
- 2. View Section
- 3. Edit Section
- 0. Exit
- Enter your choice: 
- 1. View Grade
- 2. View Subject
- 3. View Teacher
- 4. View Student
- Enter your choice: 
- 
--- School Management System ---
- 1. Add Section
- 2. View Section
- 3. Edit Section
- 0. Exit
- Enter your choice: 
- 
--- School Management System ---
- 1. Add Section
- 2. View Section
- 3. Edit Section
- 0. Exit
- Enter your choice: 
- 1. Edit Grade
- 2. Edit Subject
- 3. Edit Teacher
- 4. Edit Student
- Enter your choice: 
- Enter Student ID to edit: 
- Enter new Student Name: 
- 
--- School Management System ---
- 1. Add Section
- 2. View Section
- 3. Edit Section
- 0. Exit
- Enter your choice: 
- 
--- School Management System ---
- 1. Add Section
- 2. View Section
- 3. Edit Section
- 0. Exit
- Enter your choice: 
- 
--- School Management System ---
- 1. Add Section
- 2. View Section
- 3. Edit Section
- 0. Exit
- Enter your choice: 
- 
--- School Management System ---
- 1. Add Section
- 2. View Section
- 3. Edit Section
- 0. Exit
- Enter your choice: 
- 
--- School Management System ---
- 1. Add Section
- 2. View Section
- 3. Edit Section
- 0. Exit
- Enter your choice: 
- You have Entered Wrong Credential
- 
--- School Management System ---
- 1. Add Section
- 2. View Section
- 3. Edit Section
- 0. Exit
- Enter your choice: 
- 1. Add Grade
- 2. Add Subject
- 3. Add Teacher
- 4. Add Student
- Enter your choice: 
- Invalid input. Please try again.
- 
--- School Management System ---
- 1. Add Section
- 2. View Section
- 3. Edit Section
- 0. Exit
- Enter your choice: 
- 
--- School Management System ---
- 1. Add Section
- 2. View Section
- 3. Edit Section
- 0. Exit
- Enter your choice: 
- 
--- School Management System ---
- 1. Add Section
- 2. View Section
- 3. Edit Section
- 0. Exit
- Enter your choice: 
- 1. Add Grade
- 2. Add Subject
- 3. Add Teacher
- 4. Add Student
- Enter your choice: 
- Available Grades are: 
- You have Entered Wrong Credential
- 
--- School Management System ---
- 1. Add Section
- 2. View Section
- 3. Edit Section
- 0. Exit
- Enter your choice: 
- Exiting the system.
- Enter User Name
- Enter Password
- Credential Miss Match
- Exiting software
- Enter User Name
- Enter Password
- Credential Miss Match
- Exiting software
- Enter User Name
- Enter Password
- system LogIn Successfully
- 
--- School Management System ---
- 1. Add Section
- 2. View Section
- 3. Edit Section
- 0. Exit
- Enter your choice: 
- Enter User Name
- Enter Password
- Credential Miss Match
- Exiting software
- Enter User Name
- Enter Password
- system LogIn Successfully
- 
--- School Management System ---
- 1. Add Section
- 2. View Section
- 3. Edit Section
- 0. Exit
- Enter your choice: 
- 1. Add Grade
- 2. Add Subject
- 3. Add Teacher
- 4. Add Student
- Enter your choice: 
- Enter Teacher Name: 
- Enter Subject: 
- Enter Grade ID: 
- Enter User Name
- Enter Password
- Credential Miss Match
- Exiting software
- Enter User Name
- Enter Password
- system LogIn Successfully
- 
--- School Management System ---
- 1. Add Section
- 2. View Section
- 3. Edit Section
- 0. Exit
- Enter your choice: 
- 1. Add Grade
- 2. Add Subject
- 3. Add Teacher
- 4. Add Student
- Enter your choice: 
- Enter Teacher Name: 
- Enter Subject: 
- Enter Grade ID: 
- 
--- School Management System ---
- 1. Add Section
- 2. View Section
- 3. Edit Section
- 0. Exit
- Enter your choice: 
- 1. View Grade
- 2. View Subject
- 3. View Teacher
- 4. View Student
- Enter your choice: 
- 
--- School Management System ---
- 1. Add Section
- 2. View Section
- 3. Edit Section
- 0. Exit
- Enter your choice: 
- 1. View Grade
- 2. View Subject
- 3. View Teacher
- 4. View Student
- Enter your choice: 
- 
--- School Management System ---
- 1. Add Section
- 2. View Section
- 3. Edit Section
- 0. Exit
- Enter your choice: 
- 1. Add Grade
- 2. Add Subject
- 3. Add Teacher
- 4. Add Student
- Enter your choice: 
- Enter Teacher Name: 
- Enter Subject: 
- Enter Grade ID: 
- 
--- School Management System ---
- 1. Add Section
- 2. View Section
- 3. Edit Section
- 0. Exit
- Enter your choice: 
- 1. View Grade
- 2. View Subject
- 3. View Teacher
- 4. View Student
- Enter your choice: 
- 
--- School Management System ---
- 1. Add Section
- 2. View Section
- 3. Edit Section
- 0. Exit
- Enter your choice: 
- Enter User Name
- Enter User Name
- Enter User Name
- Enter Password
- system LogIn Successfully
- 
--- School Management System ---
- 1. Add Section
- 2. View Section
- 3. Edit Section
- 0. Exit
- Enter your choice: 
- 1. Edit Grade
- 2. Edit Subject
- 3. Edit Teacher
- 4. Edit Student
- Enter your choice: 
- Enter Grade ID to edit: 
- Enter new Grade Name: 
- 
--- School Management System ---
- 1. Add Section
- 2. View Section
- 3. Edit Section
- 0. Exit
- Enter your choice: 
- Enter User Name
- Enter Password
- system LogIn Successfully
- 
--- School Management System ---
- 1. Add Section
- 2. View Section
- 3. Edit Section
- 0. Exit
- Enter your choice: 
- 1. Add Grade
- 2. Add Subject
- 3. Add Teacher
- 4. Add Student
- Enter your choice: 
- Enter Subject Name: 
- Enter Grade ID: 
- 
--- School Management System ---
- 1. Add Section
- 2. View Section
- 3. Edit Section
- 0. Exit
- Enter your choice: 
- 1. View Grade
- 2. View Subject
- 3. View Teacher
- 4. View Student
- Enter your choice: 
- 
--- School Management System ---
- 1. Add Section
- 2. View Section
- 3. Edit Section
- 0. Exit
- Enter your choice: 
- 1. View Grade
- 2. View Subject
- 3. View Teacher
- 4. View Student
- Enter your choice: 
- Enter Grade id: 
- 
--- School Management System ---
- 1. Add Section
- 2. View Section
- 3. Edit Section
- 0. Exit
- Enter your choice: 
- 1. View Grade
- 2. View Subject
- 3. View Teacher
- 4. View Student
- Enter your choice: 
- 
--- School Management System ---
- 1. Add Section
- 2. View Section
- 3. Edit Section
- 0. Exit
- Enter your choice: 
- 1. View Grade
- 2. View Subject
- 3. View Teacher
- 4. View Student
- Enter your choice: 
- 
--- School Management System ---
- 1. Add Section
- 2. View Section
- 3. Edit Section
- 0. Exit
- Enter your choice: 
- 1. Edit Grade
- 2. Edit Subject
- 3. Edit Teacher
- 4. Edit Student
- Enter your choice: 
- Enter Subject ID to edit: 
- Enter new Subject Name: 
- Enter new Grade ID: 
- 
--- School Management System ---
- 1. Add Section
- 2. View Section
- 3. Edit Section
- 0. Exit
- Enter your choice: 
